<?xml version="1.0" encoding="UTF-8"?>
<testsuite name="org.hyper.notificationbackend.NotificationbackendApplicationTests" tests="1" skipped="0" failures="0" errors="0" timestamp="2025-07-11T10:11:30.237Z" hostname="HYPERCATHERINE" time="0.709">
  <properties/>
  <testcase name="contextLoads()" classname="org.hyper.notificationbackend.NotificationbackendApplicationTests" time="0.709"/>
  <system-out><![CDATA[11:11:19.883 [Test worker] INFO org.springframework.test.context.support.AnnotationConfigContextLoaderUtils -- Could not detect default configuration classes for test class [org.hyper.notificationbackend.NotificationbackendApplicationTests]: NotificationbackendApplicationTests does not declare any static, non-private, non-final, nested classes annotated with @Configuration.
11:11:20.143 [Test worker] INFO org.springframework.boot.test.context.SpringBootTestContextBootstrapper -- Found @SpringBootConfiguration org.hyper.notificationbackend.NotificationbackendApplication for test class org.hyper.notificationbackend.NotificationbackendApplicationTests

  .   ____          _            __ _ _
 /\\ / ___'_ __ _ _(_)_ __  __ _ \ \ \ \
( ( )\___ | '_ | '_| | '_ \/ _` | \ \ \ \
 \\/  ___)| |_)| | | | | || (_| |  ) ) ) )
  '  |____| .__|_| |_|_| |_\__, | / / / /
 =========|_|==============|___/=/_/_/_/

 :: Spring Boot ::                (v3.5.3)

2025-07-11T11:11:21.310+01:00  INFO 17208 --- [notificationbackend] [    Test worker] .h.n.NotificationbackendApplicationTests : Starting NotificationbackendApplicationTests using Java 17.0.12 with PID 17208 (started by ASUS in D:\notificationbackend)
2025-07-11T11:11:21.314+01:00  INFO 17208 --- [notificationbackend] [    Test worker] .h.n.NotificationbackendApplicationTests : No active profile set, falling back to 1 default profile: "default"
2025-07-11T11:11:23.000+01:00  INFO 17208 --- [notificationbackend] [    Test worker] .s.d.r.c.RepositoryConfigurationDelegate : Bootstrapping Spring Data JPA repositories in DEFAULT mode.
2025-07-11T11:11:23.131+01:00  INFO 17208 --- [notificationbackend] [    Test worker] .s.d.r.c.RepositoryConfigurationDelegate : Finished Spring Data repository scanning in 102 ms. Found 2 JPA repository interfaces.
2025-07-11T11:11:24.062+01:00  INFO 17208 --- [notificationbackend] [    Test worker] o.hibernate.jpa.internal.util.LogHelper  : HHH000204: Processing PersistenceUnitInfo [name: default]
2025-07-11T11:11:24.147+01:00  INFO 17208 --- [notificationbackend] [    Test worker] org.hibernate.Version                    : HHH000412: Hibernate ORM core version 6.6.18.Final
2025-07-11T11:11:24.249+01:00  INFO 17208 --- [notificationbackend] [    Test worker] o.h.c.internal.RegionFactoryInitiator    : HHH000026: Second-level cache disabled
2025-07-11T11:11:25.013+01:00  INFO 17208 --- [notificationbackend] [    Test worker] o.s.o.j.p.SpringPersistenceUnitInfo      : No LoadTimeWeaver setup: ignoring JPA class transformer
2025-07-11T11:11:25.060+01:00  INFO 17208 --- [notificationbackend] [    Test worker] com.zaxxer.hikari.HikariDataSource       : HikariPool-1 - Starting...
2025-07-11T11:11:25.302+01:00  INFO 17208 --- [notificationbackend] [    Test worker] com.zaxxer.hikari.pool.HikariPool        : HikariPool-1 - Added connection com.mysql.cj.jdbc.ConnectionImpl@5dacf18d
2025-07-11T11:11:25.304+01:00  INFO 17208 --- [notificationbackend] [    Test worker] com.zaxxer.hikari.HikariDataSource       : HikariPool-1 - Start completed.
2025-07-11T11:11:25.362+01:00  WARN 17208 --- [notificationbackend] [    Test worker] org.hibernate.dialect.Dialect            : HHH000511: The 5.5.5 version for [org.hibernate.dialect.MySQLDialect] is no longer supported, hence certain features may not work properly. The minimum supported version is 8.0.0. Check the community dialects project for available legacy versions.
2025-07-11T11:11:25.368+01:00  WARN 17208 --- [notificationbackend] [    Test worker] org.hibernate.orm.deprecation            : HHH90000025: MySQLDialect does not need to be specified explicitly using 'hibernate.dialect' (remove the property setting and it will be selected by default)
2025-07-11T11:11:25.397+01:00  INFO 17208 --- [notificationbackend] [    Test worker] org.hibernate.orm.connections.pooling    : HHH10001005: Database info:
	Database JDBC URL [Connecting through datasource 'HikariDataSource (HikariPool-1)']
	Database driver: undefined/unknown
	Database version: 5.5.5
	Autocommit mode: undefined/unknown
	Isolation level: undefined/unknown
	Minimum pool size: undefined/unknown
	Maximum pool size: undefined/unknown
2025-07-11T11:11:26.683+01:00  INFO 17208 --- [notificationbackend] [    Test worker] o.h.e.t.j.p.i.JtaPlatformInitiator       : HHH000489: No JTA platform available (set 'hibernate.transaction.jta.platform' to enable JTA platform integration)
2025-07-11T11:11:26.826+01:00  INFO 17208 --- [notificationbackend] [    Test worker] j.LocalContainerEntityManagerFactoryBean : Initialized JPA EntityManagerFactory for persistence unit 'default'
2025-07-11T11:11:27.487+01:00  INFO 17208 --- [notificationbackend] [    Test worker] eAuthenticationProviderManagerConfigurer : Global AuthenticationManager configured with AuthenticationProvider bean with name authenticationProvider
2025-07-11T11:11:27.488+01:00  WARN 17208 --- [notificationbackend] [    Test worker] r$InitializeUserDetailsManagerConfigurer : Global AuthenticationManager configured with an AuthenticationProvider bean. UserDetailsService beans will not be used by Spring Security for automatically configuring username/password login. Consider removing the AuthenticationProvider bean. Alternatively, consider using the UserDetailsService in a manually instantiated DaoAuthenticationProvider. If the current configuration is intentional, to turn off this warning, increase the logging level of 'org.springframework.security.config.annotation.authentication.configuration.InitializeUserDetailsBeanManagerConfigurer' to ERROR
2025-07-11T11:11:27.555+01:00  INFO 17208 --- [notificationbackend] [    Test worker] o.s.d.j.r.query.QueryEnhancerFactory     : Hibernate is in classpath; If applicable, HQL parser will be used.
2025-07-11T11:11:28.711+01:00  WARN 17208 --- [notificationbackend] [    Test worker] JpaBaseConfiguration$JpaWebConfiguration : spring.jpa.open-in-view is enabled by default. Therefore, database queries may be performed during view rendering. Explicitly configure spring.jpa.open-in-view to disable this warning
2025-07-11T11:11:30.196+01:00  INFO 17208 --- [notificationbackend] [    Test worker] .h.n.NotificationbackendApplicationTests : Started NotificationbackendApplicationTests in 9.564 seconds (process running for 12.233)
]]></system-out>
  <system-err><![CDATA[]]></system-err>
</testsuite>
